<?xml version="1.0" encoding="UTF-8"?>
<testng-results ignored="0" total="1" passed="1" failed="0" skipped="0">
  <reporter-output>
  </reporter-output>
  <suite started-at="2022-02-03T10:15:33 GMT" name="Default suite" finished-at="2022-02-03T10:15:34 GMT" duration-ms="1445">
    <groups>
    </groups>
    <test started-at="2022-02-03T10:15:33 GMT" name="Default test" finished-at="2022-02-03T10:15:34 GMT" duration-ms="1445">
      <class name="Test01_GET">
        <test-method signature="test_01()[pri:0, instance:Test01_GET@550ee7e5]" started-at="2022-02-03T10:15:33 GMT" name="test_01" finished-at="2022-02-03T10:15:34 GMT" duration-ms="1420" status="PASS">
          <reporter-output>
          </reporter-output>
        </test-method> <!-- test_01 -->
      </class> <!-- Test01_GET -->
    </test> <!-- Default test -->
  </suite> <!-- Default suite -->
</testng-results>
